<?xml version="1.0" encoding="UTF-8"?>
<testsuite name="MaximumNumberTest" tests="1" skipped="0" failures="0" errors="0" timestamp="2019-11-29T09:19:21" hostname="admin1-H110M-H" time="0.003">
  <properties/>
  <testcase name="givenThreeString_CheckStrings_ShouldReturnMaximumUsingGeneric" classname="MaximumNumberTest" time="0.003"/>
  <system-out><![CDATA[Maximum Number : Patil
]]></system-out>
  <system-err><![CDATA[]]></system-err>
</testsuite>
